<?xml version="1.0" encoding="UTF-8" ?>
<testsuite tests="4" failures="1" name="com.tests.LoginTest" time="128.466" errors="0" skipped="3">
  <properties>
[...]
</properties>
  <testcase classname="com.tests.LoginTest" name="setup" time="32.115">
    <failure message="timeout
  (Session info: chrome=61.0.3163.100)
  (Driver info: chromedriver=2.32.498537 (cb2f855cbc7b82e20387eaf9a43f6b99b6105061),platform=Mac OS X 10.12.5 x86_64) (WARNING: The server did not provide any stacktrace information)
Command duration or timeout: 0 milliseconds
Build info: version: &apos;3.5.3&apos;, revision: &apos;a88d25fe6b&apos;, time: &apos;2017-08-29T12:42:44.417Z&apos;
System info: host: &apos;surfer-172-29-0-53-hotspot.internet-for-guests.com&apos;, ip: &apos;fe80:0:0:0:149c:e382:1693:9c6d%en0&apos;, os.name: &apos;Mac OS X&apos;, os.arch: &apos;x86_64&apos;, os.version: &apos;10.12.5&apos;, java.version: &apos;1.8.0_144&apos;
Driver info: org.openqa.selenium.chrome.ChromeDriver
Capabilities [{mobileEmulationEnabled=false, hasTouchScreen=false, platform=MAC, acceptSslCerts=true, webStorageEnabled=true, browserName=chrome, takesScreenshot=true, javascriptEnabled=true, platformName=MAC, setWindowRect=true, unexpectedAlertBehaviour=, applicationCacheEnabled=false, rotatable=false, networkConnectionEnabled=false, chrome={chromedriverVersion=2.32.498537 (cb2f855cbc7b82e20387eaf9a43f6b99b6105061), userDataDir=/var/folders/fd/lw5s91x96f947xsp40gd_2180000gp/T/.org.chromium.Chromium.tx4BLu}, takesHeapSnapshot=true, pageLoadStrategy=normal, unhandledPromptBehavior=, databaseEnabled=false, handlesAlerts=true, version=61.0.3163.100, browserConnectionEnabled=false, nativeEvents=true, locationContextEnabled=true, cssSelectorsEnabled=true}]
Session ID: 012cbe2862bb400d1424869ebd724800" type="org.openqa.selenium.TimeoutException">org.openqa.selenium.TimeoutException: timeout
  (Session info: chrome=61.0.3163.100)
  (Driver info: chromedriver=2.32.498537 (cb2f855cbc7b82e20387eaf9a43f6b99b6105061),platform=Mac OS X 10.12.5 x86_64) (WARNING: The server did not provide any stacktrace information)
Command duration or timeout: 0 milliseconds
Build info: version: &apos;3.5.3&apos;, revision: &apos;a88d25fe6b&apos;, time: &apos;2017-08-29T12:42:44.417Z&apos;
System info: host: &apos;surfer-172-29-0-53-hotspot.internet-for-guests.com&apos;, ip: &apos;fe80:0:0:0:149c:e382:1693:9c6d%en0&apos;, os.name: &apos;Mac OS X&apos;, os.arch: &apos;x86_64&apos;, os.version: &apos;10.12.5&apos;, java.version: &apos;1.8.0_144&apos;
Driver info: org.openqa.selenium.chrome.ChromeDriver
Capabilities [{mobileEmulationEnabled=false, hasTouchScreen=false, platform=MAC, acceptSslCerts=true, webStorageEnabled=true, browserName=chrome, takesScreenshot=true, javascriptEnabled=true, platformName=MAC, setWindowRect=true, unexpectedAlertBehaviour=, applicationCacheEnabled=false, rotatable=false, networkConnectionEnabled=false, chrome={chromedriverVersion=2.32.498537 (cb2f855cbc7b82e20387eaf9a43f6b99b6105061), userDataDir=/var/folders/fd/lw5s91x96f947xsp40gd_2180000gp/T/.org.chromium.Chromium.tx4BLu}, takesHeapSnapshot=true, pageLoadStrategy=normal, unhandledPromptBehavior=, databaseEnabled=false, handlesAlerts=true, version=61.0.3163.100, browserConnectionEnabled=false, nativeEvents=true, locationContextEnabled=true, cssSelectorsEnabled=true}]
Session ID: 012cbe2862bb400d1424869ebd724800
	at sun.reflect.NativeConstructorAccessorImpl.newInstance0(Native Method)
	at sun.reflect.NativeConstructorAccessorImpl.newInstance(NativeConstructorAccessorImpl.java:62)
	at sun.reflect.DelegatingConstructorAccessorImpl.newInstance(DelegatingConstructorAccessorImpl.java:45)
	at java.lang.reflect.Constructor.newInstance(Constructor.java:423)
	at org.openqa.selenium.remote.ErrorHandler.createThrowable(ErrorHandler.java:215)
	at org.openqa.selenium.remote.ErrorHandler.throwIfResponseFailed(ErrorHandler.java:167)
	at org.openqa.selenium.remote.http.JsonHttpResponseCodec.reconstructValue(JsonHttpResponseCodec.java:40)
	at org.openqa.selenium.remote.http.AbstractHttpResponseCodec.decode(AbstractHttpResponseCodec.java:82)
	at org.openqa.selenium.remote.http.AbstractHttpResponseCodec.decode(AbstractHttpResponseCodec.java:45)
	at org.openqa.selenium.remote.HttpCommandExecutor.execute(HttpCommandExecutor.java:164)
	at org.openqa.selenium.remote.service.DriverCommandExecutor.execute(DriverCommandExecutor.java:82)
	at org.openqa.selenium.remote.RemoteWebDriver.execute(RemoteWebDriver.java:646)
	at org.openqa.selenium.remote.RemoteWebDriver.get(RemoteWebDriver.java:370)
	at com.tests.LoginTest.setup(LoginTest.java:42)
</failure>
    <system-out>Configuring TestNG with: org.apache.maven.surefire.testng.conf.TestNG652Configurator@48cf768c
11-01-2017 12:52:37 LoginTest.java INFO  [main] tests.LoginTest 32 - ****************************** Starting test cases execution  *****************************************
11-01-2017 12:52:38 RequestAddCookies.java DEBUG [Forwarding newSession on session null to remote] protocol.RequestAddCookies 123 - CookieSpec selected: default
11-01-2017 12:52:38 RequestAuthCache.java DEBUG [Forwarding newSession on session null to remote] protocol.RequestAuthCache 77 - Auth cache not set in the context
11-01-2017 12:52:38 PoolingHttpClientConnectionManager.java DEBUG [Forwarding newSession on session null to remote] conn.PoolingHttpClientConnectionManager 255 - Connection request: [route: {}-&gt;http://localhost:38260][total kept alive: 0; route allocated: 0 of 2000; total allocated: 0 of 2000]
11-01-2017 12:52:38 PoolingHttpClientConnectionManager.java DEBUG [Forwarding newSession on session null to remote] conn.PoolingHttpClientConnectionManager 288 - Connection leased: [id: 0][route: {}-&gt;http://localhost:38260][total kept alive: 0; route allocated: 1 of 2000; total allocated: 1 of 2000]
11-01-2017 12:52:38 MainClientExec.java DEBUG [Forwarding newSession on session null to remote] execchain.MainClientExec 235 - Opening connection {}-&gt;http://localhost:38260
11-01-2017 12:52:38 DefaultHttpClientConnectionOperator.java DEBUG [Forwarding newSession on session null to remote] conn.DefaultHttpClientConnectionOperator 139 - Connecting to localhost/127.0.0.1:38260
11-01-2017 12:52:38 DefaultHttpClientConnectionOperator.java DEBUG [Forwarding newSession on session null to remote] conn.DefaultHttpClientConnectionOperator 146 - Connection established 127.0.0.1:54478&lt;-&gt;127.0.0.1:38260
11-01-2017 12:52:38 LoggingManagedHttpClientConnection.java DEBUG [Forwarding newSession on session null to remote] conn.DefaultManagedHttpClientConnection 88 - http-outgoing-0: set socket timeout to 10800000
11-01-2017 12:52:38 MainClientExec.java DEBUG [Forwarding newSession on session null to remote] execchain.MainClientExec 256 - Executing request POST /session HTTP/1.1
11-01-2017 12:52:38 MainClientExec.java DEBUG [Forwarding newSession on session null to remote] execchain.MainClientExec 261 - Target auth state: UNCHALLENGED
11-01-2017 12:52:38 MainClientExec.java DEBUG [Forwarding newSession on session null to remote] execchain.MainClientExec 267 - Proxy auth state: UNCHALLENGED
11-01-2017 12:52:38 LoggingManagedHttpClientConnection.java DEBUG [Forwarding newSession on session null to remote] http.headers 133 - http-outgoing-0 &gt;&gt; POST /session HTTP/1.1
11-01-2017 12:52:38 LoggingManagedHttpClientConnection.java DEBUG [Forwarding newSession on session null to remote] http.headers 136 - http-outgoing-0 &gt;&gt; Content-Type: application/json; charset=utf-8
11-01-2017 12:52:38 LoggingManagedHttpClientConnection.java DEBUG [Forwarding newSession on session null to remote] http.headers 136 - http-outgoing-0 &gt;&gt; Content-Length: 550
11-01-2017 12:52:38 LoggingManagedHttpClientConnection.java DEBUG [Forwarding newSession on session null to remote] http.headers 136 - http-outgoing-0 &gt;&gt; Host: localhost:38260
11-01-2017 12:52:38 LoggingManagedHttpClientConnection.java DEBUG [Forwarding newSession on session null to remote] http.headers 136 - http-outgoing-0 &gt;&gt; Connection: Keep-Alive
11-01-2017 12:52:38 LoggingManagedHttpClientConnection.java DEBUG [Forwarding newSession on session null to remote] http.headers 136 - http-outgoing-0 &gt;&gt; User-Agent: Apache-HttpClient/4.5.3 (Java/1.8.0_144)
11-01-2017 12:52:38 LoggingManagedHttpClientConnection.java DEBUG [Forwarding newSession on session null to remote] http.headers 136 - http-outgoing-0 &gt;&gt; Accept-Encoding: gzip,deflate
11-01-2017 12:52:38 Wire.java DEBUG [Forwarding newSession on session null to remote] http.wire 73 - http-outgoing-0 &gt;&gt; &quot;POST /session HTTP/1.1[\r][\n]&quot;
11-01-2017 12:52:38 Wire.java DEBUG [Forwarding newSession on session null to remote] http.wire 73 - http-outgoing-0 &gt;&gt; &quot;Content-Type: application/json; charset=utf-8[\r][\n]&quot;
11-01-2017 12:52:38 Wire.java DEBUG [Forwarding newSession on session null to remote] http.wire 73 - http-outgoing-0 &gt;&gt; &quot;Content-Length: 550[\r][\n]&quot;
11-01-2017 12:52:38 Wire.java DEBUG [Forwarding newSession on session null to remote] http.wire 73 - http-outgoing-0 &gt;&gt; &quot;Host: localhost:38260[\r][\n]&quot;
11-01-2017 12:52:38 Wire.java DEBUG [Forwarding newSession on session null to remote] http.wire 73 - http-outgoing-0 &gt;&gt; &quot;Connection: Keep-Alive[\r][\n]&quot;
11-01-2017 12:52:38 Wire.java DEBUG [Forwarding newSession on session null to remote] http.wire 73 - http-outgoing-0 &gt;&gt; &quot;User-Agent: Apache-HttpClient/4.5.3 (Java/1.8.0_144)[\r][\n]&quot;
11-01-2017 12:52:38 Wire.java DEBUG [Forwarding newSession on session null to remote] http.wire 73 - http-outgoing-0 &gt;&gt; &quot;Accept-Encoding: gzip,deflate[\r][\n]&quot;
11-01-2017 12:52:38 Wire.java DEBUG [Forwarding newSession on session null to remote] http.wire 73 - http-outgoing-0 &gt;&gt; &quot;[\r][\n]&quot;
11-01-2017 12:52:38 Wire.java DEBUG [Forwarding newSession on session null to remote] http.wire 73 - http-outgoing-0 &gt;&gt; &quot;{[\n]&quot;
11-01-2017 12:52:38 Wire.java DEBUG [Forwarding newSession on session null to remote] http.wire 73 - http-outgoing-0 &gt;&gt; &quot;  &quot;desiredCapabilities&quot;: {[\n]&quot;
11-01-2017 12:52:38 Wire.java DEBUG [Forwarding newSession on session null to remote] http.wire 73 - http-outgoing-0 &gt;&gt; &quot;    &quot;browserName&quot;: &quot;chrome&quot;,[\n]&quot;
11-01-2017 12:52:38 Wire.java DEBUG [Forwarding newSession on session null to remote] http.wire 73 - http-outgoing-0 &gt;&gt; &quot;    &quot;chromeOptions&quot;: {[\n]&quot;
11-01-2017 12:52:38 Wire.java DEBUG [Forwarding newSession on session null to remote] http.wire 73 - http-outgoing-0 &gt;&gt; &quot;      &quot;args&quot;: [],[\n]&quot;
11-01-2017 12:52:38 Wire.java DEBUG [Forwarding newSession on session null to remote] http.wire 73 - http-outgoing-0 &gt;&gt; &quot;      &quot;extensions&quot;: [][\n]&quot;
11-01-2017 12:52:38 Wire.java DEBUG [Forwarding newSession on session null to remote] http.wire 73 - http-outgoing-0 &gt;&gt; &quot;    },[\n]&quot;
11-01-2017 12:52:38 Wire.java DEBUG [Forwarding newSession on session null to remote] http.wire 73 - http-outgoing-0 &gt;&gt; &quot;    &quot;version&quot;: &quot;&quot;,[\n]&quot;
11-01-2017 12:52:38 Wire.java DEBUG [Forwarding newSession on session null to remote] http.wire 73 - http-outgoing-0 &gt;&gt; &quot;    &quot;platform&quot;: &quot;ANY&quot;[\n]&quot;
11-01-2017 12:52:38 Wire.java DEBUG [Forwarding newSession on session null to remote] http.wire 73 - http-outgoing-0 &gt;&gt; &quot;  },[\n]&quot;
11-01-2017 12:52:38 Wire.java DEBUG [Forwarding newSession on session null to remote] http.wire 73 - http-outgoing-0 &gt;&gt; &quot;  &quot;requiredCapabilities&quot;: {},[\n]&quot;
11-01-2017 12:52:38 Wire.java DEBUG [Forwarding newSession on session null to remote] http.wire 73 - http-outgoing-0 &gt;&gt; &quot;  &quot;capabilities&quot;: {[\n]&quot;
11-01-2017 12:52:38 Wire.java DEBUG [Forwarding newSession on session null to remote] http.wire 73 - http-outgoing-0 &gt;&gt; &quot;    &quot;desiredCapabilities&quot;: {[\n]&quot;
11-01-2017 12:52:38 Wire.java DEBUG [Forwarding newSession on session null to remote] http.wire 73 - http-outgoing-0 &gt;&gt; &quot;      &quot;browserName&quot;: &quot;chrome&quot;,[\n]&quot;
11-01-2017 12:52:38 Wire.java DEBUG [Forwarding newSession on session null to remote] http.wire 73 - http-outgoing-0 &gt;&gt; &quot;      &quot;chromeOptions&quot;: {[\n]&quot;
11-01-2017 12:52:38 Wire.java DEBUG [Forwarding newSession on session null to remote] http.wire 73 - http-outgoing-0 &gt;&gt; &quot;        &quot;args&quot;: [],[\n]&quot;
11-01-2017 12:52:38 Wire.java DEBUG [Forwarding newSession on session null to remote] http.wire 73 - http-outgoing-0 &gt;&gt; &quot;        &quot;extensions&quot;: [][\n]&quot;
11-01-2017 12:52:38 Wire.java DEBUG [Forwarding newSession on session null to remote] http.wire 73 - http-outgoing-0 &gt;&gt; &quot;      },[\n]&quot;
11-01-2017 12:52:38 Wire.java DEBUG [Forwarding newSession on session null to remote] http.wire 73 - http-outgoing-0 &gt;&gt; &quot;      &quot;version&quot;: &quot;&quot;,[\n]&quot;
11-01-2017 12:52:38 Wire.java DEBUG [Forwarding newSession on session null to remote] http.wire 73 - http-outgoing-0 &gt;&gt; &quot;      &quot;platform&quot;: &quot;ANY&quot;[\n]&quot;
11-01-2017 12:52:38 Wire.java DEBUG [Forwarding newSession on session null to remote] http.wire 73 - http-outgoing-0 &gt;&gt; &quot;    },[\n]&quot;
11-01-2017 12:52:38 Wire.java DEBUG [Forwarding newSession on session null to remote] http.wire 73 - http-outgoing-0 &gt;&gt; &quot;    &quot;requiredCapabilities&quot;: {},[\n]&quot;
11-01-2017 12:52:38 Wire.java DEBUG [Forwarding newSession on session null to remote] http.wire 73 - http-outgoing-0 &gt;&gt; &quot;    &quot;alwaysMatch&quot;: {},[\n]&quot;
11-01-2017 12:52:38 Wire.java DEBUG [Forwarding newSession on session null to remote] http.wire 73 - http-outgoing-0 &gt;&gt; &quot;    &quot;firstMatch&quot;: [[\n]&quot;
11-01-2017 12:52:38 Wire.java DEBUG [Forwarding newSession on session null to remote] http.wire 73 - http-outgoing-0 &gt;&gt; &quot;      {[\n]&quot;
11-01-2017 12:52:38 Wire.java DEBUG [Forwarding newSession on session null to remote] http.wire 73 - http-outgoing-0 &gt;&gt; &quot;        &quot;browserName&quot;: &quot;chrome&quot;[\n]&quot;
11-01-2017 12:52:38 Wire.java DEBUG [Forwarding newSession on session null to remote] http.wire 73 - http-outgoing-0 &gt;&gt; &quot;      }[\n]&quot;
11-01-2017 12:52:38 Wire.java DEBUG [Forwarding newSession on session null to remote] http.wire 73 - http-outgoing-0 &gt;&gt; &quot;    ][\n]&quot;
11-01-2017 12:52:38 Wire.java DEBUG [Forwarding newSession on session null to remote] http.wire 73 - http-outgoing-0 &gt;&gt; &quot;  }[\n]&quot;
11-01-2017 12:52:38 Wire.java DEBUG [Forwarding newSession on session null to remote] http.wire 87 - http-outgoing-0 &gt;&gt; &quot;}&quot;
11-01-2017 12:52:39 Wire.java DEBUG [Forwarding newSession on session null to remote] http.wire 73 - http-outgoing-0 &lt;&lt; &quot;HTTP/1.1 200 OK[\r][\n]&quot;
11-01-2017 12:52:39 Wire.java DEBUG [Forwarding newSession on session null to remote] http.wire 73 - http-outgoing-0 &lt;&lt; &quot;Content-Length:816[\r][\n]&quot;
11-01-2017 12:52:39 Wire.java DEBUG [Forwarding newSession on session null to remote] http.wire 73 - http-outgoing-0 &lt;&lt; &quot;Content-Type:application/json; charset=utf-8[\r][\n]&quot;
11-01-2017 12:52:39 Wire.java DEBUG [Forwarding newSession on session null to remote] http.wire 73 - http-outgoing-0 &lt;&lt; &quot;Connection:close[\r][\n]&quot;
11-01-2017 12:52:39 Wire.java DEBUG [Forwarding newSession on session null to remote] http.wire 73 - http-outgoing-0 &lt;&lt; &quot;[\r][\n]&quot;
11-01-2017 12:52:39 Wire.java DEBUG [Forwarding newSession on session null to remote] http.wire 87 - http-outgoing-0 &lt;&lt; &quot;{&quot;sessionId&quot;:&quot;012cbe2862bb400d1424869ebd724800&quot;,&quot;status&quot;:0,&quot;value&quot;:{&quot;acceptSslCerts&quot;:true,&quot;applicationCacheEnabled&quot;:false,&quot;browserConnectionEnabled&quot;:false,&quot;browserName&quot;:&quot;chrome&quot;,&quot;chrome&quot;:{&quot;chromedriverVersion&quot;:&quot;2.32.498537 (cb2f855cbc7b82e20387eaf9a43f6b99b6105061)&quot;,&quot;userDataDir&quot;:&quot;/var/folders/fd/lw5s91x96f947xsp40gd_2180000gp/T/.org.chromium.Chromium.tx4BLu&quot;},&quot;cssSelectorsEnabled&quot;:true,&quot;databaseEnabled&quot;:false,&quot;handlesAlerts&quot;:true,&quot;hasTouchScreen&quot;:false,&quot;javascriptEnabled&quot;:true,&quot;locationContextEnabled&quot;:true,&quot;mobileEmulationEnabled&quot;:false,&quot;nativeEvents&quot;:true,&quot;networkConnectionEnabled&quot;:false,&quot;pageLoadStrategy&quot;:&quot;normal&quot;,&quot;platform&quot;:&quot;Mac OS X&quot;,&quot;rotatable&quot;:false,&quot;setWindowRect&quot;:true,&quot;takesHeapSnapshot&quot;:true,&quot;takesScreenshot&quot;:true,&quot;unexpectedAlertBehaviour&quot;:&quot;&quot;,&quot;version&quot;:&quot;61.0.3163.100&quot;,&quot;webStorageEnabled&quot;:true}}&quot;
11-01-2017 12:52:39 LoggingManagedHttpClientConnection.java DEBUG [Forwarding newSession on session null to remote] http.headers 122 - http-outgoing-0 &lt;&lt; HTTP/1.1 200 OK
11-01-2017 12:52:39 LoggingManagedHttpClientConnection.java DEBUG [Forwarding newSession on session null to remote] http.headers 125 - http-outgoing-0 &lt;&lt; Content-Length:816
11-01-2017 12:52:39 LoggingManagedHttpClientConnection.java DEBUG [Forwarding newSession on session null to remote] http.headers 125 - http-outgoing-0 &lt;&lt; Content-Type:application/json; charset=utf-8
11-01-2017 12:52:39 LoggingManagedHttpClientConnection.java DEBUG [Forwarding newSession on session null to remote] http.headers 125 - http-outgoing-0 &lt;&lt; Connection:close
11-01-2017 12:52:39 LoggingManagedHttpClientConnection.java DEBUG [Forwarding newSession on session null to remote] conn.DefaultManagedHttpClientConnection 79 - http-outgoing-0: Close connection
11-01-2017 12:52:39 ConnectionHolder.java DEBUG [Forwarding newSession on session null to remote] execchain.MainClientExec 104 - Connection discarded
11-01-2017 12:52:39 PoolingHttpClientConnectionManager.java DEBUG [Forwarding newSession on session null to remote] conn.PoolingHttpClientConnectionManager 326 - Connection released: [id: 0][route: {}-&gt;http://localhost:38260][total kept alive: 0; route allocated: 0 of 2000; total allocated: 0 of 2000]
11-01-2017 12:52:39 LoginTest.java INFO  [main] tests.LoginTest 36 - launching chrome broswer
11-01-2017 12:52:39 RequestAddCookies.java DEBUG [Forwarding maximizeCurrentWindow on session 012cbe2862bb400d1424869ebd724800 to remote] protocol.RequestAddCookies 123 - CookieSpec selected: default
11-01-2017 12:52:39 RequestAuthCache.java DEBUG [Forwarding maximizeCurrentWindow on session 012cbe2862bb400d1424869ebd724800 to remote] protocol.RequestAuthCache 77 - Auth cache not set in the context
11-01-2017 12:52:39 PoolingHttpClientConnectionManager.java DEBUG [Forwarding maximizeCurrentWindow on session 012cbe2862bb400d1424869ebd724800 to remote] conn.PoolingHttpClientConnectionManager 255 - Connection request: [route: {}-&gt;http://localhost:38260][total kept alive: 0; route allocated: 0 of 2000; total allocated: 0 of 2000]
11-01-2017 12:52:39 PoolingHttpClientConnectionManager.java DEBUG [Forwarding maximizeCurrentWindow on session 012cbe2862bb400d1424869ebd724800 to remote] conn.PoolingHttpClientConnectionManager 288 - Connection leased: [id: 1][route: {}-&gt;http://localhost:38260][total kept alive: 0; route allocated: 1 of 2000; total allocated: 1 of 2000]
11-01-2017 12:52:39 MainClientExec.java DEBUG [Forwarding maximizeCurrentWindow on session 012cbe2862bb400d1424869ebd724800 to remote] execchain.MainClientExec 235 - Opening connection {}-&gt;http://localhost:38260
11-01-2017 12:52:39 DefaultHttpClientConnectionOperator.java DEBUG [Forwarding maximizeCurrentWindow on session 012cbe2862bb400d1424869ebd724800 to remote] conn.DefaultHttpClientConnectionOperator 139 - Connecting to localhost/127.0.0.1:38260
11-01-2017 12:52:39 DefaultHttpClientConnectionOperator.java DEBUG [Forwarding maximizeCurrentWindow on session 012cbe2862bb400d1424869ebd724800 to remote] conn.DefaultHttpClientConnectionOperator 146 - Connection established 127.0.0.1:54493&lt;-&gt;127.0.0.1:38260
11-01-2017 12:52:39 LoggingManagedHttpClientConnection.java DEBUG [Forwarding maximizeCurrentWindow on session 012cbe2862bb400d1424869ebd724800 to remote] conn.DefaultManagedHttpClientConnection 88 - http-outgoing-1: set socket timeout to 10800000
11-01-2017 12:52:39 MainClientExec.java DEBUG [Forwarding maximizeCurrentWindow on session 012cbe2862bb400d1424869ebd724800 to remote] execchain.MainClientExec 256 - Executing request POST /session/012cbe2862bb400d1424869ebd724800/window/current/maximize HTTP/1.1
11-01-2017 12:52:39 MainClientExec.java DEBUG [Forwarding maximizeCurrentWindow on session 012cbe2862bb400d1424869ebd724800 to remote] execchain.MainClientExec 261 - Target auth state: UNCHALLENGED
11-01-2017 12:52:39 MainClientExec.java DEBUG [Forwarding maximizeCurrentWindow on session 012cbe2862bb400d1424869ebd724800 to remote] execchain.MainClientExec 267 - Proxy auth state: UNCHALLENGED
11-01-2017 12:52:39 LoggingManagedHttpClientConnection.java DEBUG [Forwarding maximizeCurrentWindow on session 012cbe2862bb400d1424869ebd724800 to remote] http.headers 133 - http-outgoing-1 &gt;&gt; POST /session/012cbe2862bb400d1424869ebd724800/window/current/maximize HTTP/1.1
11-01-2017 12:52:39 LoggingManagedHttpClientConnection.java DEBUG [Forwarding maximizeCurrentWindow on session 012cbe2862bb400d1424869ebd724800 to remote] http.headers 136 - http-outgoing-1 &gt;&gt; Content-Type: application/json; charset=utf-8
11-01-2017 12:52:39 LoggingManagedHttpClientConnection.java DEBUG [Forwarding maximizeCurrentWindow on session 012cbe2862bb400d1424869ebd724800 to remote] http.headers 136 - http-outgoing-1 &gt;&gt; Content-Length: 45
11-01-2017 12:52:39 LoggingManagedHttpClientConnection.java DEBUG [Forwarding maximizeCurrentWindow on session 012cbe2862bb400d1424869ebd724800 to remote] http.headers 136 - http-outgoing-1 &gt;&gt; Host: localhost:38260
11-01-2017 12:52:39 LoggingManagedHttpClientConnection.java DEBUG [Forwarding maximizeCurrentWindow on session 012cbe2862bb400d1424869ebd724800 to remote] http.headers 136 - http-outgoing-1 &gt;&gt; Connection: Keep-Alive
11-01-2017 12:52:39 LoggingManagedHttpClientConnection.java DEBUG [Forwarding maximizeCurrentWindow on session 012cbe2862bb400d1424869ebd724800 to remote] http.headers 136 - http-outgoing-1 &gt;&gt; User-Agent: Apache-HttpClient/4.5.3 (Java/1.8.0_144)
11-01-2017 12:52:39 LoggingManagedHttpClientConnection.java DEBUG [Forwarding maximizeCurrentWindow on session 012cbe2862bb400d1424869ebd724800 to remote] http.headers 136 - http-outgoing-1 &gt;&gt; Accept-Encoding: gzip,deflate
11-01-2017 12:52:39 Wire.java DEBUG [Forwarding maximizeCurrentWindow on session 012cbe2862bb400d1424869ebd724800 to remote] http.wire 73 - http-outgoing-1 &gt;&gt; &quot;POST /session/012cbe2862bb400d1424869ebd724800/window/current/maximize HTTP/1.1[\r][\n]&quot;
11-01-2017 12:52:39 Wire.java DEBUG [Forwarding maximizeCurrentWindow on session 012cbe2862bb400d1424869ebd724800 to remote] http.wire 73 - http-outgoing-1 &gt;&gt; &quot;Content-Type: application/json; charset=utf-8[\r][\n]&quot;
11-01-2017 12:52:39 Wire.java DEBUG [Forwarding maximizeCurrentWindow on session 012cbe2862bb400d1424869ebd724800 to remote] http.wire 73 - http-outgoing-1 &gt;&gt; &quot;Content-Length: 45[\r][\n]&quot;
11-01-2017 12:52:39 Wire.java DEBUG [Forwarding maximizeCurrentWindow on session 012cbe2862bb400d1424869ebd724800 to remote] http.wire 73 - http-outgoing-1 &gt;&gt; &quot;Host: localhost:38260[\r][\n]&quot;
11-01-2017 12:52:39 Wire.java DEBUG [Forwarding maximizeCurrentWindow on session 012cbe2862bb400d1424869ebd724800 to remote] http.wire 73 - http-outgoing-1 &gt;&gt; &quot;Connection: Keep-Alive[\r][\n]&quot;
11-01-2017 12:52:39 Wire.java DEBUG [Forwarding maximizeCurrentWindow on session 012cbe2862bb400d1424869ebd724800 to remote] http.wire 73 - http-outgoing-1 &gt;&gt; &quot;User-Agent: Apache-HttpClient/4.5.3 (Java/1.8.0_144)[\r][\n]&quot;
11-01-2017 12:52:39 Wire.java DEBUG [Forwarding maximizeCurrentWindow on session 012cbe2862bb400d1424869ebd724800 to remote] http.wire 73 - http-outgoing-1 &gt;&gt; &quot;Accept-Encoding: gzip,deflate[\r][\n]&quot;
11-01-2017 12:52:39 Wire.java DEBUG [Forwarding maximizeCurrentWindow on session 012cbe2862bb400d1424869ebd724800 to remote] http.wire 73 - http-outgoing-1 &gt;&gt; &quot;[\r][\n]&quot;
11-01-2017 12:52:39 Wire.java DEBUG [Forwarding maximizeCurrentWindow on session 012cbe2862bb400d1424869ebd724800 to remote] http.wire 87 - http-outgoing-1 &gt;&gt; &quot;{&quot;windowHandle&quot;:&quot;current&quot;,&quot;handle&quot;:&quot;current&quot;}&quot;
11-01-2017 12:52:39 Wire.java DEBUG [Forwarding maximizeCurrentWindow on session 012cbe2862bb400d1424869ebd724800 to remote] http.wire 73 - http-outgoing-1 &lt;&lt; &quot;HTTP/1.1 200 OK[\r][\n]&quot;
11-01-2017 12:52:39 Wire.java DEBUG [Forwarding maximizeCurrentWindow on session 012cbe2862bb400d1424869ebd724800 to remote] http.wire 73 - http-outgoing-1 &lt;&lt; &quot;Content-Length:72[\r][\n]&quot;
11-01-2017 12:52:39 Wire.java DEBUG [Forwarding maximizeCurrentWindow on session 012cbe2862bb400d1424869ebd724800 to remote] http.wire 73 - http-outgoing-1 &lt;&lt; &quot;Content-Type:application/json; charset=utf-8[\r][\n]&quot;
11-01-2017 12:52:39 Wire.java DEBUG [Forwarding maximizeCurrentWindow on session 012cbe2862bb400d1424869ebd724800 to remote] http.wire 73 - http-outgoing-1 &lt;&lt; &quot;Connection:close[\r][\n]&quot;
11-01-2017 12:52:39 Wire.java DEBUG [Forwarding maximizeCurrentWindow on session 012cbe2862bb400d1424869ebd724800 to remote] http.wire 73 - http-outgoing-1 &lt;&lt; &quot;[\r][\n]&quot;
11-01-2017 12:52:39 Wire.java DEBUG [Forwarding maximizeCurrentWindow on session 012cbe2862bb400d1424869ebd724800 to remote] http.wire 87 - http-outgoing-1 &lt;&lt; &quot;{&quot;sessionId&quot;:&quot;012cbe2862bb400d1424869ebd724800&quot;,&quot;status&quot;:0,&quot;value&quot;:null}&quot;
11-01-2017 12:52:39 LoggingManagedHttpClientConnection.java DEBUG [Forwarding maximizeCurrentWindow on session 012cbe2862bb400d1424869ebd724800 to remote] http.headers 122 - http-outgoing-1 &lt;&lt; HTTP/1.1 200 OK
11-01-2017 12:52:39 LoggingManagedHttpClientConnection.java DEBUG [Forwarding maximizeCurrentWindow on session 012cbe2862bb400d1424869ebd724800 to remote] http.headers 125 - http-outgoing-1 &lt;&lt; Content-Length:72
11-01-2017 12:52:39 LoggingManagedHttpClientConnection.java DEBUG [Forwarding maximizeCurrentWindow on session 012cbe2862bb400d1424869ebd724800 to remote] http.headers 125 - http-outgoing-1 &lt;&lt; Content-Type:application/json; charset=utf-8
11-01-2017 12:52:39 LoggingManagedHttpClientConnection.java DEBUG [Forwarding maximizeCurrentWindow on session 012cbe2862bb400d1424869ebd724800 to remote] http.headers 125 - http-outgoing-1 &lt;&lt; Connection:close
11-01-2017 12:52:39 LoggingManagedHttpClientConnection.java DEBUG [Forwarding maximizeCurrentWindow on session 012cbe2862bb400d1424869ebd724800 to remote] conn.DefaultManagedHttpClientConnection 79 - http-outgoing-1: Close connection
11-01-2017 12:52:39 ConnectionHolder.java DEBUG [Forwarding maximizeCurrentWindow on session 012cbe2862bb400d1424869ebd724800 to remote] execchain.MainClientExec 104 - Connection discarded
11-01-2017 12:52:39 PoolingHttpClientConnectionManager.java DEBUG [Forwarding maximizeCurrentWindow on session 012cbe2862bb400d1424869ebd724800 to remote] conn.PoolingHttpClientConnectionManager 326 - Connection released: [id: 1][route: {}-&gt;http://localhost:38260][total kept alive: 0; route allocated: 0 of 2000; total allocated: 0 of 2000]
11-01-2017 12:52:39 RequestAddCookies.java DEBUG [Forwarding deleteAllCookies on session 012cbe2862bb400d1424869ebd724800 to remote] protocol.RequestAddCookies 123 - CookieSpec selected: default
11-01-2017 12:52:39 RequestAuthCache.java DEBUG [Forwarding deleteAllCookies on session 012cbe2862bb400d1424869ebd724800 to remote] protocol.RequestAuthCache 77 - Auth cache not set in the context
11-01-2017 12:52:39 PoolingHttpClientConnectionManager.java DEBUG [Forwarding deleteAllCookies on session 012cbe2862bb400d1424869ebd724800 to remote] conn.PoolingHttpClientConnectionManager 255 - Connection request: [route: {}-&gt;http://localhost:38260][total kept alive: 0; route allocated: 0 of 2000; total allocated: 0 of 2000]
11-01-2017 12:52:39 PoolingHttpClientConnectionManager.java DEBUG [Forwarding deleteAllCookies on session 012cbe2862bb400d1424869ebd724800 to remote] conn.PoolingHttpClientConnectionManager 288 - Connection leased: [id: 2][route: {}-&gt;http://localhost:38260][total kept alive: 0; route allocated: 1 of 2000; total allocated: 1 of 2000]
11-01-2017 12:52:39 MainClientExec.java DEBUG [Forwarding deleteAllCookies on session 012cbe2862bb400d1424869ebd724800 to remote] execchain.MainClientExec 235 - Opening connection {}-&gt;http://localhost:38260
11-01-2017 12:52:39 DefaultHttpClientConnectionOperator.java DEBUG [Forwarding deleteAllCookies on session 012cbe2862bb400d1424869ebd724800 to remote] conn.DefaultHttpClientConnectionOperator 139 - Connecting to localhost/127.0.0.1:38260
11-01-2017 12:52:39 DefaultHttpClientConnectionOperator.java DEBUG [Forwarding deleteAllCookies on session 012cbe2862bb400d1424869ebd724800 to remote] conn.DefaultHttpClientConnectionOperator 146 - Connection established 127.0.0.1:54496&lt;-&gt;127.0.0.1:38260
11-01-2017 12:52:39 LoggingManagedHttpClientConnection.java DEBUG [Forwarding deleteAllCookies on session 012cbe2862bb400d1424869ebd724800 to remote] conn.DefaultManagedHttpClientConnection 88 - http-outgoing-2: set socket timeout to 10800000
11-01-2017 12:52:39 MainClientExec.java DEBUG [Forwarding deleteAllCookies on session 012cbe2862bb400d1424869ebd724800 to remote] execchain.MainClientExec 256 - Executing request DELETE /session/012cbe2862bb400d1424869ebd724800/cookie HTTP/1.1
11-01-2017 12:52:39 MainClientExec.java DEBUG [Forwarding deleteAllCookies on session 012cbe2862bb400d1424869ebd724800 to remote] execchain.MainClientExec 261 - Target auth state: UNCHALLENGED
11-01-2017 12:52:39 MainClientExec.java DEBUG [Forwarding deleteAllCookies on session 012cbe2862bb400d1424869ebd724800 to remote] execchain.MainClientExec 267 - Proxy auth state: UNCHALLENGED
11-01-2017 12:52:39 LoggingManagedHttpClientConnection.java DEBUG [Forwarding deleteAllCookies on session 012cbe2862bb400d1424869ebd724800 to remote] http.headers 133 - http-outgoing-2 &gt;&gt; DELETE /session/012cbe2862bb400d1424869ebd724800/cookie HTTP/1.1
11-01-2017 12:52:39 LoggingManagedHttpClientConnection.java DEBUG [Forwarding deleteAllCookies on session 012cbe2862bb400d1424869ebd724800 to remote] http.headers 136 - http-outgoing-2 &gt;&gt; Host: localhost:38260
11-01-2017 12:52:39 LoggingManagedHttpClientConnection.java DEBUG [Forwarding deleteAllCookies on session 012cbe2862bb400d1424869ebd724800 to remote] http.headers 136 - http-outgoing-2 &gt;&gt; Connection: Keep-Alive
11-01-2017 12:52:39 LoggingManagedHttpClientConnection.java DEBUG [Forwarding deleteAllCookies on session 012cbe2862bb400d1424869ebd724800 to remote] http.headers 136 - http-outgoing-2 &gt;&gt; User-Agent: Apache-HttpClient/4.5.3 (Java/1.8.0_144)
11-01-2017 12:52:39 LoggingManagedHttpClientConnection.java DEBUG [Forwarding deleteAllCookies on session 012cbe2862bb400d1424869ebd724800 to remote] http.headers 136 - http-outgoing-2 &gt;&gt; Accept-Encoding: gzip,deflate
11-01-2017 12:52:39 Wire.java DEBUG [Forwarding deleteAllCookies on session 012cbe2862bb400d1424869ebd724800 to remote] http.wire 73 - http-outgoing-2 &gt;&gt; &quot;DELETE /session/012cbe2862bb400d1424869ebd724800/cookie HTTP/1.1[\r][\n]&quot;
11-01-2017 12:52:39 Wire.java DEBUG [Forwarding deleteAllCookies on session 012cbe2862bb400d1424869ebd724800 to remote] http.wire 73 - http-outgoing-2 &gt;&gt; &quot;Host: localhost:38260[\r][\n]&quot;
11-01-2017 12:52:39 Wire.java DEBUG [Forwarding deleteAllCookies on session 012cbe2862bb400d1424869ebd724800 to remote] http.wire 73 - http-outgoing-2 &gt;&gt; &quot;Connection: Keep-Alive[\r][\n]&quot;
11-01-2017 12:52:39 Wire.java DEBUG [Forwarding deleteAllCookies on session 012cbe2862bb400d1424869ebd724800 to remote] http.wire 73 - http-outgoing-2 &gt;&gt; &quot;User-Agent: Apache-HttpClient/4.5.3 (Java/1.8.0_144)[\r][\n]&quot;
11-01-2017 12:52:39 Wire.java DEBUG [Forwarding deleteAllCookies on session 012cbe2862bb400d1424869ebd724800 to remote] http.wire 73 - http-outgoing-2 &gt;&gt; &quot;Accept-Encoding: gzip,deflate[\r][\n]&quot;
11-01-2017 12:52:39 Wire.java DEBUG [Forwarding deleteAllCookies on session 012cbe2862bb400d1424869ebd724800 to remote] http.wire 73 - http-outgoing-2 &gt;&gt; &quot;[\r][\n]&quot;
11-01-2017 12:52:39 Wire.java DEBUG [Forwarding deleteAllCookies on session 012cbe2862bb400d1424869ebd724800 to remote] http.wire 73 - http-outgoing-2 &lt;&lt; &quot;HTTP/1.1 200 OK[\r][\n]&quot;
11-01-2017 12:52:39 Wire.java DEBUG [Forwarding deleteAllCookies on session 012cbe2862bb400d1424869ebd724800 to remote] http.wire 73 - http-outgoing-2 &lt;&lt; &quot;Content-Length:72[\r][\n]&quot;
11-01-2017 12:52:39 Wire.java DEBUG [Forwarding deleteAllCookies on session 012cbe2862bb400d1424869ebd724800 to remote] http.wire 73 - http-outgoing-2 &lt;&lt; &quot;Content-Type:application/json; charset=utf-8[\r][\n]&quot;
11-01-2017 12:52:39 Wire.java DEBUG [Forwarding deleteAllCookies on session 012cbe2862bb400d1424869ebd724800 to remote] http.wire 73 - http-outgoing-2 &lt;&lt; &quot;Connection:close[\r][\n]&quot;
11-01-2017 12:52:39 Wire.java DEBUG [Forwarding deleteAllCookies on session 012cbe2862bb400d1424869ebd724800 to remote] http.wire 73 - http-outgoing-2 &lt;&lt; &quot;[\r][\n]&quot;
11-01-2017 12:52:39 Wire.java DEBUG [Forwarding deleteAllCookies on session 012cbe2862bb400d1424869ebd724800 to remote] http.wire 87 - http-outgoing-2 &lt;&lt; &quot;{&quot;sessionId&quot;:&quot;012cbe2862bb400d1424869ebd724800&quot;,&quot;status&quot;:0,&quot;value&quot;:null}&quot;
11-01-2017 12:52:39 LoggingManagedHttpClientConnection.java DEBUG [Forwarding deleteAllCookies on session 012cbe2862bb400d1424869ebd724800 to remote] http.headers 122 - http-outgoing-2 &lt;&lt; HTTP/1.1 200 OK
11-01-2017 12:52:39 LoggingManagedHttpClientConnection.java DEBUG [Forwarding deleteAllCookies on session 012cbe2862bb400d1424869ebd724800 to remote] http.headers 125 - http-outgoing-2 &lt;&lt; Content-Length:72
11-01-2017 12:52:39 LoggingManagedHttpClientConnection.java DEBUG [Forwarding deleteAllCookies on session 012cbe2862bb400d1424869ebd724800 to remote] http.headers 125 - http-outgoing-2 &lt;&lt; Content-Type:application/json; charset=utf-8
11-01-2017 12:52:39 LoggingManagedHttpClientConnection.java DEBUG [Forwarding deleteAllCookies on session 012cbe2862bb400d1424869ebd724800 to remote] http.headers 125 - http-outgoing-2 &lt;&lt; Connection:close
11-01-2017 12:52:39 LoggingManagedHttpClientConnection.java DEBUG [Forwarding deleteAllCookies on session 012cbe2862bb400d1424869ebd724800 to remote] conn.DefaultManagedHttpClientConnection 79 - http-outgoing-2: Close connection
11-01-2017 12:52:39 ConnectionHolder.java DEBUG [Forwarding deleteAllCookies on session 012cbe2862bb400d1424869ebd724800 to remote] execchain.MainClientExec 104 - Connection discarded
11-01-2017 12:52:39 PoolingHttpClientConnectionManager.java DEBUG [Forwarding deleteAllCookies on session 012cbe2862bb400d1424869ebd724800 to remote] conn.PoolingHttpClientConnectionManager 326 - Connection released: [id: 2][route: {}-&gt;http://localhost:38260][total kept alive: 0; route allocated: 0 of 2000; total allocated: 0 of 2000]
11-01-2017 12:52:39 RequestAddCookies.java DEBUG [Forwarding setTimeout on session 012cbe2862bb400d1424869ebd724800 to remote] protocol.RequestAddCookies 123 - CookieSpec selected: default
11-01-2017 12:52:39 RequestAuthCache.java DEBUG [Forwarding setTimeout on session 012cbe2862bb400d1424869ebd724800 to remote] protocol.RequestAuthCache 77 - Auth cache not set in the context
11-01-2017 12:52:39 PoolingHttpClientConnectionManager.java DEBUG [Forwarding setTimeout on session 012cbe2862bb400d1424869ebd724800 to remote] conn.PoolingHttpClientConnectionManager 255 - Connection request: [route: {}-&gt;http://localhost:38260][total kept alive: 0; route allocated: 0 of 2000; total allocated: 0 of 2000]
11-01-2017 12:52:39 PoolingHttpClientConnectionManager.java DEBUG [Forwarding setTimeout on session 012cbe2862bb400d1424869ebd724800 to remote] conn.PoolingHttpClientConnectionManager 288 - Connection leased: [id: 3][route: {}-&gt;http://localhost:38260][total kept alive: 0; route allocated: 1 of 2000; total allocated: 1 of 2000]
11-01-2017 12:52:39 MainClientExec.java DEBUG [Forwarding setTimeout on session 012cbe2862bb400d1424869ebd724800 to remote] execchain.MainClientExec 235 - Opening connection {}-&gt;http://localhost:38260
11-01-2017 12:52:39 DefaultHttpClientConnectionOperator.java DEBUG [Forwarding setTimeout on session 012cbe2862bb400d1424869ebd724800 to remote] conn.DefaultHttpClientConnectionOperator 139 - Connecting to localhost/127.0.0.1:38260
11-01-2017 12:52:39 DefaultHttpClientConnectionOperator.java DEBUG [Forwarding setTimeout on session 012cbe2862bb400d1424869ebd724800 to remote] conn.DefaultHttpClientConnectionOperator 146 - Connection established 127.0.0.1:54497&lt;-&gt;127.0.0.1:38260
11-01-2017 12:52:39 LoggingManagedHttpClientConnection.java DEBUG [Forwarding setTimeout on session 012cbe2862bb400d1424869ebd724800 to remote] conn.DefaultManagedHttpClientConnection 88 - http-outgoing-3: set socket timeout to 10800000
11-01-2017 12:52:39 MainClientExec.java DEBUG [Forwarding setTimeout on session 012cbe2862bb400d1424869ebd724800 to remote] execchain.MainClientExec 256 - Executing request POST /session/012cbe2862bb400d1424869ebd724800/timeouts HTTP/1.1
11-01-2017 12:52:39 MainClientExec.java DEBUG [Forwarding setTimeout on session 012cbe2862bb400d1424869ebd724800 to remote] execchain.MainClientExec 261 - Target auth state: UNCHALLENGED
11-01-2017 12:52:39 MainClientExec.java DEBUG [Forwarding setTimeout on session 012cbe2862bb400d1424869ebd724800 to remote] execchain.MainClientExec 267 - Proxy auth state: UNCHALLENGED
11-01-2017 12:52:39 LoggingManagedHttpClientConnection.java DEBUG [Forwarding setTimeout on session 012cbe2862bb400d1424869ebd724800 to remote] http.headers 133 - http-outgoing-3 &gt;&gt; POST /session/012cbe2862bb400d1424869ebd724800/timeouts HTTP/1.1
11-01-2017 12:52:39 LoggingManagedHttpClientConnection.java DEBUG [Forwarding setTimeout on session 012cbe2862bb400d1424869ebd724800 to remote] http.headers 136 - http-outgoing-3 &gt;&gt; Content-Type: application/json; charset=utf-8
11-01-2017 12:52:39 LoggingManagedHttpClientConnection.java DEBUG [Forwarding setTimeout on session 012cbe2862bb400d1424869ebd724800 to remote] http.headers 136 - http-outgoing-3 &gt;&gt; Content-Length: 31
11-01-2017 12:52:39 LoggingManagedHttpClientConnection.java DEBUG [Forwarding setTimeout on session 012cbe2862bb400d1424869ebd724800 to remote] http.headers 136 - http-outgoing-3 &gt;&gt; Host: localhost:38260
11-01-2017 12:52:39 LoggingManagedHttpClientConnection.java DEBUG [Forwarding setTimeout on session 012cbe2862bb400d1424869ebd724800 to remote] http.headers 136 - http-outgoing-3 &gt;&gt; Connection: Keep-Alive
11-01-2017 12:52:39 LoggingManagedHttpClientConnection.java DEBUG [Forwarding setTimeout on session 012cbe2862bb400d1424869ebd724800 to remote] http.headers 136 - http-outgoing-3 &gt;&gt; User-Agent: Apache-HttpClient/4.5.3 (Java/1.8.0_144)
11-01-2017 12:52:39 LoggingManagedHttpClientConnection.java DEBUG [Forwarding setTimeout on session 012cbe2862bb400d1424869ebd724800 to remote] http.headers 136 - http-outgoing-3 &gt;&gt; Accept-Encoding: gzip,deflate
11-01-2017 12:52:39 Wire.java DEBUG [Forwarding setTimeout on session 012cbe2862bb400d1424869ebd724800 to remote] http.wire 73 - http-outgoing-3 &gt;&gt; &quot;POST /session/012cbe2862bb400d1424869ebd724800/timeouts HTTP/1.1[\r][\n]&quot;
11-01-2017 12:52:39 Wire.java DEBUG [Forwarding setTimeout on session 012cbe2862bb400d1424869ebd724800 to remote] http.wire 73 - http-outgoing-3 &gt;&gt; &quot;Content-Type: application/json; charset=utf-8[\r][\n]&quot;
11-01-2017 12:52:39 Wire.java DEBUG [Forwarding setTimeout on session 012cbe2862bb400d1424869ebd724800 to remote] http.wire 73 - http-outgoing-3 &gt;&gt; &quot;Content-Length: 31[\r][\n]&quot;
11-01-2017 12:52:39 Wire.java DEBUG [Forwarding setTimeout on session 012cbe2862bb400d1424869ebd724800 to remote] http.wire 73 - http-outgoing-3 &gt;&gt; &quot;Host: localhost:38260[\r][\n]&quot;
11-01-2017 12:52:39 Wire.java DEBUG [Forwarding setTimeout on session 012cbe2862bb400d1424869ebd724800 to remote] http.wire 73 - http-outgoing-3 &gt;&gt; &quot;Connection: Keep-Alive[\r][\n]&quot;
11-01-2017 12:52:39 Wire.java DEBUG [Forwarding setTimeout on session 012cbe2862bb400d1424869ebd724800 to remote] http.wire 73 - http-outgoing-3 &gt;&gt; &quot;User-Agent: Apache-HttpClient/4.5.3 (Java/1.8.0_144)[\r][\n]&quot;
11-01-2017 12:52:39 Wire.java DEBUG [Forwarding setTimeout on session 012cbe2862bb400d1424869ebd724800 to remote] http.wire 73 - http-outgoing-3 &gt;&gt; &quot;Accept-Encoding: gzip,deflate[\r][\n]&quot;
11-01-2017 12:52:39 Wire.java DEBUG [Forwarding setTimeout on session 012cbe2862bb400d1424869ebd724800 to remote] http.wire 73 - http-outgoing-3 &gt;&gt; &quot;[\r][\n]&quot;
11-01-2017 12:52:39 Wire.java DEBUG [Forwarding setTimeout on session 012cbe2862bb400d1424869ebd724800 to remote] http.wire 87 - http-outgoing-3 &gt;&gt; &quot;{&quot;type&quot;:&quot;page load&quot;,&quot;ms&quot;:30000}&quot;
11-01-2017 12:52:39 Wire.java DEBUG [Forwarding setTimeout on session 012cbe2862bb400d1424869ebd724800 to remote] http.wire 73 - http-outgoing-3 &lt;&lt; &quot;HTTP/1.1 200 OK[\r][\n]&quot;
11-01-2017 12:52:39 Wire.java DEBUG [Forwarding setTimeout on session 012cbe2862bb400d1424869ebd724800 to remote] http.wire 73 - http-outgoing-3 &lt;&lt; &quot;Content-Length:72[\r][\n]&quot;
11-01-2017 12:52:39 Wire.java DEBUG [Forwarding setTimeout on session 012cbe2862bb400d1424869ebd724800 to remote] http.wire 73 - http-outgoing-3 &lt;&lt; &quot;Content-Type:application/json; charset=utf-8[\r][\n]&quot;
11-01-2017 12:52:39 Wire.java DEBUG [Forwarding setTimeout on session 012cbe2862bb400d1424869ebd724800 to remote] http.wire 73 - http-outgoing-3 &lt;&lt; &quot;Connection:close[\r][\n]&quot;
11-01-2017 12:52:39 Wire.java DEBUG [Forwarding setTimeout on session 012cbe2862bb400d1424869ebd724800 to remote] http.wire 73 - http-outgoing-3 &lt;&lt; &quot;[\r][\n]&quot;
11-01-2017 12:52:39 Wire.java DEBUG [Forwarding setTimeout on session 012cbe2862bb400d1424869ebd724800 to remote] http.wire 87 - http-outgoing-3 &lt;&lt; &quot;{&quot;sessionId&quot;:&quot;012cbe2862bb400d1424869ebd724800&quot;,&quot;status&quot;:0,&quot;value&quot;:null}&quot;
11-01-2017 12:52:39 LoggingManagedHttpClientConnection.java DEBUG [Forwarding setTimeout on session 012cbe2862bb400d1424869ebd724800 to remote] http.headers 122 - http-outgoing-3 &lt;&lt; HTTP/1.1 200 OK
11-01-2017 12:52:39 LoggingManagedHttpClientConnection.java DEBUG [Forwarding setTimeout on session 012cbe2862bb400d1424869ebd724800 to remote] http.headers 125 - http-outgoing-3 &lt;&lt; Content-Length:72
11-01-2017 12:52:39 LoggingManagedHttpClientConnection.java DEBUG [Forwarding setTimeout on session 012cbe2862bb400d1424869ebd724800 to remote] http.headers 125 - http-outgoing-3 &lt;&lt; Content-Type:application/json; charset=utf-8
11-01-2017 12:52:39 LoggingManagedHttpClientConnection.java DEBUG [Forwarding setTimeout on session 012cbe2862bb400d1424869ebd724800 to remote] http.headers 125 - http-outgoing-3 &lt;&lt; Connection:close
11-01-2017 12:52:39 LoggingManagedHttpClientConnection.java DEBUG [Forwarding setTimeout on session 012cbe2862bb400d1424869ebd724800 to remote] conn.DefaultManagedHttpClientConnection 79 - http-outgoing-3: Close connection
11-01-2017 12:52:39 ConnectionHolder.java DEBUG [Forwarding setTimeout on session 012cbe2862bb400d1424869ebd724800 to remote] execchain.MainClientExec 104 - Connection discarded
11-01-2017 12:52:39 PoolingHttpClientConnectionManager.java DEBUG [Forwarding setTimeout on session 012cbe2862bb400d1424869ebd724800 to remote] conn.PoolingHttpClientConnectionManager 326 - Connection released: [id: 3][route: {}-&gt;http://localhost:38260][total kept alive: 0; route allocated: 0 of 2000; total allocated: 0 of 2000]
11-01-2017 12:52:39 RequestAddCookies.java DEBUG [Forwarding setTimeout on session 012cbe2862bb400d1424869ebd724800 to remote] protocol.RequestAddCookies 123 - CookieSpec selected: default
11-01-2017 12:52:39 RequestAuthCache.java DEBUG [Forwarding setTimeout on session 012cbe2862bb400d1424869ebd724800 to remote] protocol.RequestAuthCache 77 - Auth cache not set in the context
11-01-2017 12:52:39 PoolingHttpClientConnectionManager.java DEBUG [Forwarding setTimeout on session 012cbe2862bb400d1424869ebd724800 to remote] conn.PoolingHttpClientConnectionManager 255 - Connection request: [route: {}-&gt;http://localhost:38260][total kept alive: 0; route allocated: 0 of 2000; total allocated: 0 of 2000]
11-01-2017 12:52:39 PoolingHttpClientConnectionManager.java DEBUG [Forwarding setTimeout on session 012cbe2862bb400d1424869ebd724800 to remote] conn.PoolingHttpClientConnectionManager 288 - Connection leased: [id: 4][route: {}-&gt;http://localhost:38260][total kept alive: 0; route allocated: 1 of 2000; total allocated: 1 of 2000]
11-01-2017 12:52:39 MainClientExec.java DEBUG [Forwarding setTimeout on session 012cbe2862bb400d1424869ebd724800 to remote] execchain.MainClientExec 235 - Opening connection {}-&gt;http://localhost:38260
11-01-2017 12:52:39 DefaultHttpClientConnectionOperator.java DEBUG [Forwarding setTimeout on session 012cbe2862bb400d1424869ebd724800 to remote] conn.DefaultHttpClientConnectionOperator 139 - Connecting to localhost/127.0.0.1:38260
11-01-2017 12:52:39 DefaultHttpClientConnectionOperator.java DEBUG [Forwarding setTimeout on session 012cbe2862bb400d1424869ebd724800 to remote] conn.DefaultHttpClientConnectionOperator 146 - Connection established 127.0.0.1:54498&lt;-&gt;127.0.0.1:38260
11-01-2017 12:52:39 LoggingManagedHttpClientConnection.java DEBUG [Forwarding setTimeout on session 012cbe2862bb400d1424869ebd724800 to remote] conn.DefaultManagedHttpClientConnection 88 - http-outgoing-4: set socket timeout to 10800000
11-01-2017 12:52:39 MainClientExec.java DEBUG [Forwarding setTimeout on session 012cbe2862bb400d1424869ebd724800 to remote] execchain.MainClientExec 256 - Executing request POST /session/012cbe2862bb400d1424869ebd724800/timeouts HTTP/1.1
11-01-2017 12:52:39 MainClientExec.java DEBUG [Forwarding setTimeout on session 012cbe2862bb400d1424869ebd724800 to remote] execchain.MainClientExec 261 - Target auth state: UNCHALLENGED
11-01-2017 12:52:39 MainClientExec.java DEBUG [Forwarding setTimeout on session 012cbe2862bb400d1424869ebd724800 to remote] execchain.MainClientExec 267 - Proxy auth state: UNCHALLENGED
11-01-2017 12:52:39 LoggingManagedHttpClientConnection.java DEBUG [Forwarding setTimeout on session 012cbe2862bb400d1424869ebd724800 to remote] http.headers 133 - http-outgoing-4 &gt;&gt; POST /session/012cbe2862bb400d1424869ebd724800/timeouts HTTP/1.1
11-01-2017 12:52:39 LoggingManagedHttpClientConnection.java DEBUG [Forwarding setTimeout on session 012cbe2862bb400d1424869ebd724800 to remote] http.headers 136 - http-outgoing-4 &gt;&gt; Content-Type: application/json; charset=utf-8
11-01-2017 12:52:39 LoggingManagedHttpClientConnection.java DEBUG [Forwarding setTimeout on session 012cbe2862bb400d1424869ebd724800 to remote] http.headers 136 - http-outgoing-4 &gt;&gt; Content-Length: 30
11-01-2017 12:52:39 LoggingManagedHttpClientConnection.java DEBUG [Forwarding setTimeout on session 012cbe2862bb400d1424869ebd724800 to remote] http.headers 136 - http-outgoing-4 &gt;&gt; Host: localhost:38260
11-01-2017 12:52:39 LoggingManagedHttpClientConnection.java DEBUG [Forwarding setTimeout on session 012cbe2862bb400d1424869ebd724800 to remote] http.headers 136 - http-outgoing-4 &gt;&gt; Connection: Keep-Alive
11-01-2017 12:52:39 LoggingManagedHttpClientConnection.java DEBUG [Forwarding setTimeout on session 012cbe2862bb400d1424869ebd724800 to remote] http.headers 136 - http-outgoing-4 &gt;&gt; User-Agent: Apache-HttpClient/4.5.3 (Java/1.8.0_144)
11-01-2017 12:52:39 LoggingManagedHttpClientConnection.java DEBUG [Forwarding setTimeout on session 012cbe2862bb400d1424869ebd724800 to remote] http.headers 136 - http-outgoing-4 &gt;&gt; Accept-Encoding: gzip,deflate
11-01-2017 12:52:39 Wire.java DEBUG [Forwarding setTimeout on session 012cbe2862bb400d1424869ebd724800 to remote] http.wire 73 - http-outgoing-4 &gt;&gt; &quot;POST /session/012cbe2862bb400d1424869ebd724800/timeouts HTTP/1.1[\r][\n]&quot;
11-01-2017 12:52:39 Wire.java DEBUG [Forwarding setTimeout on session 012cbe2862bb400d1424869ebd724800 to remote] http.wire 73 - http-outgoing-4 &gt;&gt; &quot;Content-Type: application/json; charset=utf-8[\r][\n]&quot;
11-01-2017 12:52:39 Wire.java DEBUG [Forwarding setTimeout on session 012cbe2862bb400d1424869ebd724800 to remote] http.wire 73 - http-outgoing-4 &gt;&gt; &quot;Content-Length: 30[\r][\n]&quot;
11-01-2017 12:52:39 Wire.java DEBUG [Forwarding setTimeout on session 012cbe2862bb400d1424869ebd724800 to remote] http.wire 73 - http-outgoing-4 &gt;&gt; &quot;Host: localhost:38260[\r][\n]&quot;
11-01-2017 12:52:39 Wire.java DEBUG [Forwarding setTimeout on session 012cbe2862bb400d1424869ebd724800 to remote] http.wire 73 - http-outgoing-4 &gt;&gt; &quot;Connection: Keep-Alive[\r][\n]&quot;
11-01-2017 12:52:39 Wire.java DEBUG [Forwarding setTimeout on session 012cbe2862bb400d1424869ebd724800 to remote] http.wire 73 - http-outgoing-4 &gt;&gt; &quot;User-Agent: Apache-HttpClient/4.5.3 (Java/1.8.0_144)[\r][\n]&quot;
11-01-2017 12:52:39 Wire.java DEBUG [Forwarding setTimeout on session 012cbe2862bb400d1424869ebd724800 to remote] http.wire 73 - http-outgoing-4 &gt;&gt; &quot;Accept-Encoding: gzip,deflate[\r][\n]&quot;
11-01-2017 12:52:39 Wire.java DEBUG [Forwarding setTimeout on session 012cbe2862bb400d1424869ebd724800 to remote] http.wire 73 - http-outgoing-4 &gt;&gt; &quot;[\r][\n]&quot;
11-01-2017 12:52:39 Wire.java DEBUG [Forwarding setTimeout on session 012cbe2862bb400d1424869ebd724800 to remote] http.wire 87 - http-outgoing-4 &gt;&gt; &quot;{&quot;type&quot;:&quot;implicit&quot;,&quot;ms&quot;:10000}&quot;
11-01-2017 12:52:39 Wire.java DEBUG [Forwarding setTimeout on session 012cbe2862bb400d1424869ebd724800 to remote] http.wire 73 - http-outgoing-4 &lt;&lt; &quot;HTTP/1.1 200 OK[\r][\n]&quot;
11-01-2017 12:52:39 Wire.java DEBUG [Forwarding setTimeout on session 012cbe2862bb400d1424869ebd724800 to remote] http.wire 73 - http-outgoing-4 &lt;&lt; &quot;Content-Length:72[\r][\n]&quot;
11-01-2017 12:52:39 Wire.java DEBUG [Forwarding setTimeout on session 012cbe2862bb400d1424869ebd724800 to remote] http.wire 73 - http-outgoing-4 &lt;&lt; &quot;Content-Type:application/json; charset=utf-8[\r][\n]&quot;
11-01-2017 12:52:39 Wire.java DEBUG [Forwarding setTimeout on session 012cbe2862bb400d1424869ebd724800 to remote] http.wire 73 - http-outgoing-4 &lt;&lt; &quot;Connection:close[\r][\n]&quot;
11-01-2017 12:52:39 Wire.java DEBUG [Forwarding setTimeout on session 012cbe2862bb400d1424869ebd724800 to remote] http.wire 73 - http-outgoing-4 &lt;&lt; &quot;[\r][\n]&quot;
11-01-2017 12:52:39 Wire.java DEBUG [Forwarding setTimeout on session 012cbe2862bb400d1424869ebd724800 to remote] http.wire 87 - http-outgoing-4 &lt;&lt; &quot;{&quot;sessionId&quot;:&quot;012cbe2862bb400d1424869ebd724800&quot;,&quot;status&quot;:0,&quot;value&quot;:null}&quot;
11-01-2017 12:52:39 LoggingManagedHttpClientConnection.java DEBUG [Forwarding setTimeout on session 012cbe2862bb400d1424869ebd724800 to remote] http.headers 122 - http-outgoing-4 &lt;&lt; HTTP/1.1 200 OK
11-01-2017 12:52:39 LoggingManagedHttpClientConnection.java DEBUG [Forwarding setTimeout on session 012cbe2862bb400d1424869ebd724800 to remote] http.headers 125 - http-outgoing-4 &lt;&lt; Content-Length:72
11-01-2017 12:52:39 LoggingManagedHttpClientConnection.java DEBUG [Forwarding setTimeout on session 012cbe2862bb400d1424869ebd724800 to remote] http.headers 125 - http-outgoing-4 &lt;&lt; Content-Type:application/json; charset=utf-8
11-01-2017 12:52:39 LoggingManagedHttpClientConnection.java DEBUG [Forwarding setTimeout on session 012cbe2862bb400d1424869ebd724800 to remote] http.headers 125 - http-outgoing-4 &lt;&lt; Connection:close
11-01-2017 12:52:39 LoggingManagedHttpClientConnection.java DEBUG [Forwarding setTimeout on session 012cbe2862bb400d1424869ebd724800 to remote] conn.DefaultManagedHttpClientConnection 79 - http-outgoing-4: Close connection
11-01-2017 12:52:39 ConnectionHolder.java DEBUG [Forwarding setTimeout on session 012cbe2862bb400d1424869ebd724800 to remote] execchain.MainClientExec 104 - Connection discarded
11-01-2017 12:52:39 PoolingHttpClientConnectionManager.java DEBUG [Forwarding setTimeout on session 012cbe2862bb400d1424869ebd724800 to remote] conn.PoolingHttpClientConnectionManager 326 - Connection released: [id: 4][route: {}-&gt;http://localhost:38260][total kept alive: 0; route allocated: 0 of 2000; total allocated: 0 of 2000]
11-01-2017 12:52:39 RequestAddCookies.java DEBUG [Forwarding get on session 012cbe2862bb400d1424869ebd724800 to remote] protocol.RequestAddCookies 123 - CookieSpec selected: default
11-01-2017 12:52:39 RequestAuthCache.java DEBUG [Forwarding get on session 012cbe2862bb400d1424869ebd724800 to remote] protocol.RequestAuthCache 77 - Auth cache not set in the context
11-01-2017 12:52:39 PoolingHttpClientConnectionManager.java DEBUG [Forwarding get on session 012cbe2862bb400d1424869ebd724800 to remote] conn.PoolingHttpClientConnectionManager 255 - Connection request: [route: {}-&gt;http://localhost:38260][total kept alive: 0; route allocated: 0 of 2000; total allocated: 0 of 2000]
11-01-2017 12:52:39 PoolingHttpClientConnectionManager.java DEBUG [Forwarding get on session 012cbe2862bb400d1424869ebd724800 to remote] conn.PoolingHttpClientConnectionManager 288 - Connection leased: [id: 5][route: {}-&gt;http://localhost:38260][total kept alive: 0; route allocated: 1 of 2000; total allocated: 1 of 2000]
11-01-2017 12:52:39 MainClientExec.java DEBUG [Forwarding get on session 012cbe2862bb400d1424869ebd724800 to remote] execchain.MainClientExec 235 - Opening connection {}-&gt;http://localhost:38260
11-01-2017 12:52:39 DefaultHttpClientConnectionOperator.java DEBUG [Forwarding get on session 012cbe2862bb400d1424869ebd724800 to remote] conn.DefaultHttpClientConnectionOperator 139 - Connecting to localhost/127.0.0.1:38260
11-01-2017 12:52:39 DefaultHttpClientConnectionOperator.java DEBUG [Forwarding get on session 012cbe2862bb400d1424869ebd724800 to remote] conn.DefaultHttpClientConnectionOperator 146 - Connection established 127.0.0.1:54499&lt;-&gt;127.0.0.1:38260
11-01-2017 12:52:39 LoggingManagedHttpClientConnection.java DEBUG [Forwarding get on session 012cbe2862bb400d1424869ebd724800 to remote] conn.DefaultManagedHttpClientConnection 88 - http-outgoing-5: set socket timeout to 10800000
11-01-2017 12:52:39 MainClientExec.java DEBUG [Forwarding get on session 012cbe2862bb400d1424869ebd724800 to remote] execchain.MainClientExec 256 - Executing request POST /session/012cbe2862bb400d1424869ebd724800/url HTTP/1.1
11-01-2017 12:52:39 MainClientExec.java DEBUG [Forwarding get on session 012cbe2862bb400d1424869ebd724800 to remote] execchain.MainClientExec 261 - Target auth state: UNCHALLENGED
11-01-2017 12:52:39 MainClientExec.java DEBUG [Forwarding get on session 012cbe2862bb400d1424869ebd724800 to remote] execchain.MainClientExec 267 - Proxy auth state: UNCHALLENGED
11-01-2017 12:52:39 LoggingManagedHttpClientConnection.java DEBUG [Forwarding get on session 012cbe2862bb400d1424869ebd724800 to remote] http.headers 133 - http-outgoing-5 &gt;&gt; POST /session/012cbe2862bb400d1424869ebd724800/url HTTP/1.1
11-01-2017 12:52:39 LoggingManagedHttpClientConnection.java DEBUG [Forwarding get on session 012cbe2862bb400d1424869ebd724800 to remote] http.headers 136 - http-outgoing-5 &gt;&gt; Content-Type: application/json; charset=utf-8
11-01-2017 12:52:39 LoggingManagedHttpClientConnection.java DEBUG [Forwarding get on session 012cbe2862bb400d1424869ebd724800 to remote] http.headers 136 - http-outgoing-5 &gt;&gt; Content-Length: 34
11-01-2017 12:52:39 LoggingManagedHttpClientConnection.java DEBUG [Forwarding get on session 012cbe2862bb400d1424869ebd724800 to remote] http.headers 136 - http-outgoing-5 &gt;&gt; Host: localhost:38260
11-01-2017 12:52:39 LoggingManagedHttpClientConnection.java DEBUG [Forwarding get on session 012cbe2862bb400d1424869ebd724800 to remote] http.headers 136 - http-outgoing-5 &gt;&gt; Connection: Keep-Alive
11-01-2017 12:52:39 LoggingManagedHttpClientConnection.java DEBUG [Forwarding get on session 012cbe2862bb400d1424869ebd724800 to remote] http.headers 136 - http-outgoing-5 &gt;&gt; User-Agent: Apache-HttpClient/4.5.3 (Java/1.8.0_144)
11-01-2017 12:52:39 LoggingManagedHttpClientConnection.java DEBUG [Forwarding get on session 012cbe2862bb400d1424869ebd724800 to remote] http.headers 136 - http-outgoing-5 &gt;&gt; Accept-Encoding: gzip,deflate
11-01-2017 12:52:39 Wire.java DEBUG [Forwarding get on session 012cbe2862bb400d1424869ebd724800 to remote] http.wire 73 - http-outgoing-5 &gt;&gt; &quot;POST /session/012cbe2862bb400d1424869ebd724800/url HTTP/1.1[\r][\n]&quot;
11-01-2017 12:52:39 Wire.java DEBUG [Forwarding get on session 012cbe2862bb400d1424869ebd724800 to remote] http.wire 73 - http-outgoing-5 &gt;&gt; &quot;Content-Type: application/json; charset=utf-8[\r][\n]&quot;
11-01-2017 12:52:39 Wire.java DEBUG [Forwarding get on session 012cbe2862bb400d1424869ebd724800 to remote] http.wire 73 - http-outgoing-5 &gt;&gt; &quot;Content-Length: 34[\r][\n]&quot;
11-01-2017 12:52:39 Wire.java DEBUG [Forwarding get on session 012cbe2862bb400d1424869ebd724800 to remote] http.wire 73 - http-outgoing-5 &gt;&gt; &quot;Host: localhost:38260[\r][\n]&quot;
11-01-2017 12:52:39 Wire.java DEBUG [Forwarding get on session 012cbe2862bb400d1424869ebd724800 to remote] http.wire 73 - http-outgoing-5 &gt;&gt; &quot;Connection: Keep-Alive[\r][\n]&quot;
11-01-2017 12:52:39 Wire.java DEBUG [Forwarding get on session 012cbe2862bb400d1424869ebd724800 to remote] http.wire 73 - http-outgoing-5 &gt;&gt; &quot;User-Agent: Apache-HttpClient/4.5.3 (Java/1.8.0_144)[\r][\n]&quot;
11-01-2017 12:52:39 Wire.java DEBUG [Forwarding get on session 012cbe2862bb400d1424869ebd724800 to remote] http.wire 73 - http-outgoing-5 &gt;&gt; &quot;Accept-Encoding: gzip,deflate[\r][\n]&quot;
11-01-2017 12:52:39 Wire.java DEBUG [Forwarding get on session 012cbe2862bb400d1424869ebd724800 to remote] http.wire 73 - http-outgoing-5 &gt;&gt; &quot;[\r][\n]&quot;
11-01-2017 12:52:39 Wire.java DEBUG [Forwarding get on session 012cbe2862bb400d1424869ebd724800 to remote] http.wire 87 - http-outgoing-5 &gt;&gt; &quot;{&quot;url&quot;:&quot;https://www.freecrm.com/&quot;}&quot;
11-01-2017 12:53:09 Wire.java DEBUG [Forwarding get on session 012cbe2862bb400d1424869ebd724800 to remote] http.wire 73 - http-outgoing-5 &lt;&lt; &quot;HTTP/1.1 200 OK[\r][\n]&quot;
11-01-2017 12:53:09 Wire.java DEBUG [Forwarding get on session 012cbe2862bb400d1424869ebd724800 to remote] http.wire 73 - http-outgoing-5 &lt;&lt; &quot;Content-Length:249[\r][\n]&quot;
11-01-2017 12:53:09 Wire.java DEBUG [Forwarding get on session 012cbe2862bb400d1424869ebd724800 to remote] http.wire 73 - http-outgoing-5 &lt;&lt; &quot;Content-Type:application/json; charset=utf-8[\r][\n]&quot;
11-01-2017 12:53:09 Wire.java DEBUG [Forwarding get on session 012cbe2862bb400d1424869ebd724800 to remote] http.wire 73 - http-outgoing-5 &lt;&lt; &quot;Connection:close[\r][\n]&quot;
11-01-2017 12:53:09 Wire.java DEBUG [Forwarding get on session 012cbe2862bb400d1424869ebd724800 to remote] http.wire 73 - http-outgoing-5 &lt;&lt; &quot;[\r][\n]&quot;
11-01-2017 12:53:09 Wire.java DEBUG [Forwarding get on session 012cbe2862bb400d1424869ebd724800 to remote] http.wire 87 - http-outgoing-5 &lt;&lt; &quot;{&quot;sessionId&quot;:&quot;012cbe2862bb400d1424869ebd724800&quot;,&quot;status&quot;:21,&quot;value&quot;:{&quot;message&quot;:&quot;timeout\n  (Session info: chrome=61.0.3163.100)\n  (Driver info: chromedriver=2.32.498537 (cb2f855cbc7b82e20387eaf9a43f6b99b6105061),platform=Mac OS X 10.12.5 x86_64)&quot;}}&quot;
11-01-2017 12:53:09 LoggingManagedHttpClientConnection.java DEBUG [Forwarding get on session 012cbe2862bb400d1424869ebd724800 to remote] http.headers 122 - http-outgoing-5 &lt;&lt; HTTP/1.1 200 OK
11-01-2017 12:53:09 LoggingManagedHttpClientConnection.java DEBUG [Forwarding get on session 012cbe2862bb400d1424869ebd724800 to remote] http.headers 125 - http-outgoing-5 &lt;&lt; Content-Length:249
11-01-2017 12:53:09 LoggingManagedHttpClientConnection.java DEBUG [Forwarding get on session 012cbe2862bb400d1424869ebd724800 to remote] http.headers 125 - http-outgoing-5 &lt;&lt; Content-Type:application/json; charset=utf-8
11-01-2017 12:53:09 LoggingManagedHttpClientConnection.java DEBUG [Forwarding get on session 012cbe2862bb400d1424869ebd724800 to remote] http.headers 125 - http-outgoing-5 &lt;&lt; Connection:close
11-01-2017 12:53:09 LoggingManagedHttpClientConnection.java DEBUG [Forwarding get on session 012cbe2862bb400d1424869ebd724800 to remote] conn.DefaultManagedHttpClientConnection 79 - http-outgoing-5: Close connection
11-01-2017 12:53:09 ConnectionHolder.java DEBUG [Forwarding get on session 012cbe2862bb400d1424869ebd724800 to remote] execchain.MainClientExec 104 - Connection discarded
11-01-2017 12:53:09 PoolingHttpClientConnectionManager.java DEBUG [Forwarding get on session 012cbe2862bb400d1424869ebd724800 to remote] conn.PoolingHttpClientConnectionManager 326 - Connection released: [id: 5][route: {}-&gt;http://localhost:38260][total kept alive: 0; route allocated: 0 of 2000; total allocated: 0 of 2000]
</system-out>
    <system-err>Starting ChromeDriver 2.32.498537 (cb2f855cbc7b82e20387eaf9a43f6b99b6105061) on port 38260
Only local connections are allowed.
Nov 01, 2017 12:52:39 PM org.openqa.selenium.remote.ProtocolHandshake createSession
INFO: Detected dialect: OSS
[31.409][SEVERE]: Timed out receiving message from renderer: 21.073
[31.414][SEVERE]: Timed out receiving message from renderer: -0.006
</system-err>
  </testcase>
  <testcase classname="com.tests.LoginTest" name="freeCrmTitleTest" time="32.117">
    <skipped/>
  </testcase>
  <testcase classname="com.tests.LoginTest" name="setup" time="32.117">
    <skipped/>
  </testcase>
  <testcase classname="com.tests.LoginTest" name="freemCRMLogoTest" time="32.117">
    <skipped/>
  </testcase>
</testsuite>